<?xml version="1.0" encoding="UTF-8"?>
<!-- Generated by org.testng.reporters.JUnitReportReporter -->
<testsuite hostname="DESKTOP-JPO1NOA" failures="0" tests="1" name="com.app.testcases.ProductsTest" time="42.959" errors="0" timestamp="2024-11-19T19:50:35 PST" skipped="0">
  <testcase classname="com.app.testcases.ProductsTest" name="VerifyAddingTwoProductsAndVerifyTotalPrice" time="42.959"/>
</testsuite> <!-- com.app.testcases.ProductsTest -->
