<?xml version="1.0" encoding="UTF-8"?>
<!-- Generated by org.testng.reporters.JUnitReportReporter -->
<testsuite hostname="DESKTOP-JPO1NOA" failures="0" tests="1" name="com.app.testcases.HomeTest" time="0.001" errors="0" timestamp="2024-11-16T10:51:58 PST" skipped="1">
  <testcase classname="com.app.testcases.HomeTest" name="test_installAndLaunchOfApp" time="0.001">
    <skipped/>
  </testcase> <!-- test_installAndLaunchOfApp -->
</testsuite> <!-- com.app.testcases.HomeTest -->
